  ClothSim.cpp
c:\users\hatef\source\repos\matthewdias\clothsim\clothsim\clothsim.cpp(17): warning C4305: 'initializing': truncation from 'double' to 'float'
c:\users\hatef\source\repos\matthewdias\clothsim\clothsim\clothsim.cpp(55): warning C4244: '=': conversion from 'double' to 'T', possible loss of data
          with
          [
              T=float
          ]
c:\users\hatef\source\repos\matthewdias\clothsim\clothsim\clothsim.cpp(57): warning C4305: 'argument': truncation from 'double' to 'T'
          with
          [
              T=float
          ]
c:\users\hatef\source\repos\matthewdias\clothsim\clothsim\clothsim.cpp(58): warning C4305: 'argument': truncation from 'double' to 'T'
          with
          [
              T=float
          ]
c:\users\hatef\source\repos\matthewdias\clothsim\clothsim\clothsim.cpp(116): warning C4305: 'initializing': truncation from 'double' to 'GLfloat'
c:\users\hatef\source\repos\matthewdias\clothsim\clothsim\clothsim.cpp(117): warning C4305: 'initializing': truncation from 'double' to 'GLfloat'
  Generating code
  1 of 239 functions ( 0.4%) were compiled, the rest were copied from previous compilation.
    0 functions were new in current compilation
    1 functions had inline decision re-evaluated but remain unchanged
  Finished generating code
  ClothSim.vcxproj -> C:\Users\hatef\source\repos\matthewdias\ClothSim\Release\ClothSim.exe
